<?xml version="1.0" encoding="UTF-8"?>
<!-- Generated by org.testng.reporters.JUnitXMLReporter -->
<testsuite hostname="Wrath" name="Default test" tests="4" failures="0" timestamp="7 Jan 2016 12:55:49 GMT" time="0.07" errors="0">
  <testcase name="test" time="0.05" classname="algorithms.and.data.structures.TestInsertionSort"/>
  <testcase name="test" time="0.0" classname="algorithms.and.data.structures.TestInsertionSort"/>
  <testcase name="testDecreasingOrder" time="0.001" classname="algorithms.and.data.structures.TestInsertionSort"/>
  <testcase name="testDecreasingOrder" time="0.0" classname="algorithms.and.data.structures.TestInsertionSort"/>
</testsuite> <!-- Default test -->
