<?xml version="1.0" encoding="UTF-8"?>
<!-- Generated by org.testng.reporters.JUnitXMLReporter -->
<testsuite hostname="LT1191" name="Default test" tests="9" failures="0" timestamp="25 Nov 2018 19:33:08 GMT" time="0.1" errors="0">
  <testcase name="testNotFound" time="0.057" classname="classyman.algorithmsintro.searching.TestBinarySearch"/>
  <testcase name="testNotFound" time="0.001" classname="classyman.algorithmsintro.searching.TestBinarySearch"/>
  <testcase name="testNotFound" time="0.001" classname="classyman.algorithmsintro.searching.TestBinarySearch"/>
  <testcase name="testNotFound" time="0.003" classname="classyman.algorithmsintro.searching.TestBinarySearch"/>
  <testcase name="testNotFound" time="0.003" classname="classyman.algorithmsintro.searching.TestBinarySearch"/>
  <testcase name="testNotFound" time="0.001" classname="classyman.algorithmsintro.searching.TestBinarySearch"/>
  <testcase name="testSearch" time="0.002" classname="classyman.algorithmsintro.searching.TestBinarySearch"/>
  <testcase name="testSearch" time="0.005" classname="classyman.algorithmsintro.searching.TestBinarySearch"/>
  <testcase name="testSearch" time="0.002" classname="classyman.algorithmsintro.searching.TestBinarySearch"/>
</testsuite> <!-- Default test -->
