<?xml version="1.0" encoding="UTF-8"?>
<testng-results skipped="0" failed="0" total="4" passed="4">
  <reporter-output>
  </reporter-output>
  <suite name="Default suite" duration-ms="56" started-at="2016-01-06T14:51:21Z" finished-at="2016-01-06T14:51:22Z">
    <groups>
    </groups>
    <test name="Default test" duration-ms="56" started-at="2016-01-06T14:51:21Z" finished-at="2016-01-06T14:51:22Z">
      <class name="algorithms.and.data.structures.TestInsertionSort">
        <test-method status="PASS" signature="test([Ljava.lang.Integer;, [Ljava.lang.Integer;)[pri:0, instance:algorithms.and.data.structures.TestInsertionSort@5f150435]" name="test" duration-ms="40" started-at="2016-01-06T06:51:21Z" data-provider="test" finished-at="2016-01-06T06:51:22Z">
          <params>
            <param index="0">
              <value>
                <![CDATA[[Ljava.lang.Integer;@31ef45e3]]>
              </value>
            </param>
            <param index="1">
              <value>
                <![CDATA[[Ljava.lang.Integer;@598067a5]]>
              </value>
            </param>
          </params>
          <reporter-output>
          </reporter-output>
        </test-method> <!-- test -->
        <test-method status="PASS" signature="test([Ljava.lang.Integer;, [Ljava.lang.Integer;)[pri:0, instance:algorithms.and.data.structures.TestInsertionSort@5f150435]" name="test" duration-ms="1" started-at="2016-01-06T06:51:22Z" data-provider="test" finished-at="2016-01-06T06:51:22Z">
          <params>
            <param index="0">
              <value>
                <![CDATA[[Ljava.lang.Integer;@3c0ecd4b]]>
              </value>
            </param>
            <param index="1">
              <value>
                <![CDATA[[Ljava.lang.Integer;@14bf9759]]>
              </value>
            </param>
          </params>
          <reporter-output>
          </reporter-output>
        </test-method> <!-- test -->
        <test-method status="PASS" signature="testDecreasingOrder([Ljava.lang.Integer;, [Ljava.lang.Integer;)[pri:0, instance:algorithms.and.data.structures.TestInsertionSort@5f150435]" name="testDecreasingOrder" duration-ms="0" started-at="2016-01-06T06:51:22Z" data-provider="testDesc" finished-at="2016-01-06T06:51:22Z">
          <params>
            <param index="0">
              <value>
                <![CDATA[[Ljava.lang.Integer;@5f341870]]>
              </value>
            </param>
            <param index="1">
              <value>
                <![CDATA[[Ljava.lang.Integer;@553f17c]]>
              </value>
            </param>
          </params>
          <reporter-output>
          </reporter-output>
        </test-method> <!-- testDecreasingOrder -->
        <test-method status="PASS" signature="testDecreasingOrder([Ljava.lang.Integer;, [Ljava.lang.Integer;)[pri:0, instance:algorithms.and.data.structures.TestInsertionSort@5f150435]" name="testDecreasingOrder" duration-ms="1" started-at="2016-01-06T06:51:22Z" data-provider="testDesc" finished-at="2016-01-06T06:51:22Z">
          <params>
            <param index="0">
              <value>
                <![CDATA[[Ljava.lang.Integer;@4f7d0008]]>
              </value>
            </param>
            <param index="1">
              <value>
                <![CDATA[[Ljava.lang.Integer;@271053e1]]>
              </value>
            </param>
          </params>
          <reporter-output>
          </reporter-output>
        </test-method> <!-- testDecreasingOrder -->
      </class> <!-- algorithms.and.data.structures.TestInsertionSort -->
    </test> <!-- Default test -->
  </suite> <!-- Default suite -->
</testng-results>
