<?xml version="1.0" encoding="UTF-8"?>
<testng-results skipped="0" failed="0" total="2" passed="2">
  <reporter-output>
  </reporter-output>
  <suite name="Default suite" duration-ms="52" started-at="2016-01-06T14:43:19Z" finished-at="2016-01-06T14:43:19Z">
    <groups>
    </groups>
    <test name="Default test" duration-ms="52" started-at="2016-01-06T14:43:19Z" finished-at="2016-01-06T14:43:19Z">
      <class name="algorithms.and.data.structures.TestInsertionSort">
        <test-method status="PASS" signature="test([Ljava.lang.Integer;, [Ljava.lang.Integer;)[pri:0, instance:algorithms.and.data.structures.TestInsertionSort@5f150435]" name="test" duration-ms="40" started-at="2016-01-06T06:43:19Z" data-provider="test" finished-at="2016-01-06T06:43:19Z">
          <params>
            <param index="0">
              <value>
                <![CDATA[[Ljava.lang.Integer;@39c0f4a]]>
              </value>
            </param>
            <param index="1">
              <value>
                <![CDATA[[Ljava.lang.Integer;@1794d431]]>
              </value>
            </param>
          </params>
          <reporter-output>
          </reporter-output>
        </test-method> <!-- test -->
        <test-method status="PASS" signature="test([Ljava.lang.Integer;, [Ljava.lang.Integer;)[pri:0, instance:algorithms.and.data.structures.TestInsertionSort@5f150435]" name="test" duration-ms="0" started-at="2016-01-06T06:43:19Z" data-provider="test" finished-at="2016-01-06T06:43:19Z">
          <params>
            <param index="0">
              <value>
                <![CDATA[[Ljava.lang.Integer;@42e26948]]>
              </value>
            </param>
            <param index="1">
              <value>
                <![CDATA[[Ljava.lang.Integer;@57baeedf]]>
              </value>
            </param>
          </params>
          <reporter-output>
          </reporter-output>
        </test-method> <!-- test -->
      </class> <!-- algorithms.and.data.structures.TestInsertionSort -->
    </test> <!-- Default test -->
  </suite> <!-- Default suite -->
</testng-results>
